This is pdfTeX, Version 3.141592653-2.6-1.40.22 (TeX Live 2021) (preloaded format=pdflatex 2021.5.14)  19 MAR 2024 16:10
entering extended mode
 restricted \write18 enabled.
 %&-line parsing enabled.
**supplementary-material.tex
(./supplementary-material.tex
LaTeX2e <2020-10-01> patch level 4
L3 programming layer <2021-02-18> (/usr/local/texlive/2021/texmf-dist/tex/latex
/base/article.cls
Document Class: article 2020/04/10 v1.4m Standard LaTeX document class
(/usr/local/texlive/2021/texmf-dist/tex/latex/base/size10.clo
File: size10.clo 2020/04/10 v1.4m Standard LaTeX file (size option)
)
\c@part=\count179
\c@section=\count180
\c@subsection=\count181
\c@subsubsection=\count182
\c@paragraph=\count183
\c@subparagraph=\count184
\c@figure=\count185
\c@table=\count186
\abovecaptionskip=\skip47
\belowcaptionskip=\skip48
\bibindent=\dimen138
) (/usr/local/texlive/2021/texmf-dist/tex/latex/amsmath/amsmath.sty
Package: amsmath 2020/09/23 v2.17i AMS math features
\@mathmargin=\skip49
For additional information on amsmath, use the `?' option.
(/usr/local/texlive/2021/texmf-dist/tex/latex/amsmath/amstext.sty
Package: amstext 2000/06/29 v2.01 AMS text
(/usr/local/texlive/2021/texmf-dist/tex/latex/amsmath/amsgen.sty
File: amsgen.sty 1999/11/30 v2.0 generic functions
\@emptytoks=\toks15
\ex@=\dimen139
)) (/usr/local/texlive/2021/texmf-dist/tex/latex/amsmath/amsbsy.sty
Package: amsbsy 1999/11/29 v1.2d Bold Symbols
\pmbraise@=\dimen140
) (/usr/local/texlive/2021/texmf-dist/tex/latex/amsmath/amsopn.sty
Package: amsopn 2016/03/08 v2.02 operator names
)
\inf@bad=\count187
LaTeX Info: Redefining \frac on input line 234.
\uproot@=\count188
\leftroot@=\count189
LaTeX Info: Redefining \overline on input line 399.
\classnum@=\count190
\DOTSCASE@=\count191
LaTeX Info: Redefining \ldots on input line 496.
LaTeX Info: Redefining \dots on input line 499.
LaTeX Info: Redefining \cdots on input line 620.
\Mathstrutbox@=\box47
\strutbox@=\box48
\big@size=\dimen141
LaTeX Font Info:    Redeclaring font encoding OML on input line 743.
LaTeX Font Info:    Redeclaring font encoding OMS on input line 744.
\macc@depth=\count192
\c@MaxMatrixCols=\count193
\dotsspace@=\muskip16
\c@parentequation=\count194
\dspbrk@lvl=\count195
\tag@help=\toks16
\row@=\count196
\column@=\count197
\maxfields@=\count198
\andhelp@=\toks17
\eqnshift@=\dimen142
\alignsep@=\dimen143
\tagshift@=\dimen144
\tagwidth@=\dimen145
\totwidth@=\dimen146
\lineht@=\dimen147
\@envbody=\toks18
\multlinegap=\skip50
\multlinetaggap=\skip51
\mathdisplay@stack=\toks19
LaTeX Info: Redefining \[ on input line 2923.
LaTeX Info: Redefining \] on input line 2924.
) (/usr/local/texlive/2021/texmf-dist/tex/latex/amsfonts/amssymb.sty
Package: amssymb 2013/01/14 v3.01 AMS font symbols
(/usr/local/texlive/2021/texmf-dist/tex/latex/amsfonts/amsfonts.sty
Package: amsfonts 2013/01/14 v3.01 Basic AMSFonts support
\symAMSa=\mathgroup4
\symAMSb=\mathgroup5
LaTeX Font Info:    Redeclaring math symbol \hbar on input line 98.
LaTeX Font Info:    Overwriting math alphabet `\mathfrak' in version `bold'
(Font)                  U/euf/m/n --> U/euf/b/n on input line 106.
)) (/usr/local/texlive/2021/texmf-dist/tex/generic/iftex/iftex.sty
Package: iftex 2020/03/06 v1.0d TeX engine tests
) (/usr/local/texlive/2021/texmf-dist/tex/latex/base/fontenc.sty
Package: fontenc 2020/08/10 v2.0s Standard LaTeX package
) (/usr/local/texlive/2021/texmf-dist/tex/latex/base/inputenc.sty
Package: inputenc 2020/08/01 v1.3d Input encoding file
\inpenc@prehook=\toks20
\inpenc@posthook=\toks21
) (/usr/local/texlive/2021/texmf-dist/tex/latex/base/textcomp.sty
Package: textcomp 2020/02/02 v2.0n Standard LaTeX package
) (/usr/local/texlive/2021/texmf-dist/tex/latex/lm/lmodern.sty
Package: lmodern 2015/05/01 v1.6.1 Latin Modern Fonts
LaTeX Font Info:    Overwriting symbol font `operators' in version `normal'
(Font)                  OT1/cmr/m/n --> OT1/lmr/m/n on input line 22.
LaTeX Font Info:    Overwriting symbol font `letters' in version `normal'
(Font)                  OML/cmm/m/it --> OML/lmm/m/it on input line 23.
LaTeX Font Info:    Overwriting symbol font `symbols' in version `normal'
(Font)                  OMS/cmsy/m/n --> OMS/lmsy/m/n on input line 24.
LaTeX Font Info:    Overwriting symbol font `largesymbols' in version `normal'
(Font)                  OMX/cmex/m/n --> OMX/lmex/m/n on input line 25.
LaTeX Font Info:    Overwriting symbol font `operators' in version `bold'
(Font)                  OT1/cmr/bx/n --> OT1/lmr/bx/n on input line 26.
LaTeX Font Info:    Overwriting symbol font `letters' in version `bold'
(Font)                  OML/cmm/b/it --> OML/lmm/b/it on input line 27.
LaTeX Font Info:    Overwriting symbol font `symbols' in version `bold'
(Font)                  OMS/cmsy/b/n --> OMS/lmsy/b/n on input line 28.
LaTeX Font Info:    Overwriting symbol font `largesymbols' in version `bold'
(Font)                  OMX/cmex/m/n --> OMX/lmex/m/n on input line 29.
LaTeX Font Info:    Overwriting math alphabet `\mathbf' in version `normal'
(Font)                  OT1/cmr/bx/n --> OT1/lmr/bx/n on input line 31.
LaTeX Font Info:    Overwriting math alphabet `\mathsf' in version `normal'
(Font)                  OT1/cmss/m/n --> OT1/lmss/m/n on input line 32.
LaTeX Font Info:    Overwriting math alphabet `\mathit' in version `normal'
(Font)                  OT1/cmr/m/it --> OT1/lmr/m/it on input line 33.
LaTeX Font Info:    Overwriting math alphabet `\mathtt' in version `normal'
(Font)                  OT1/cmtt/m/n --> OT1/lmtt/m/n on input line 34.
LaTeX Font Info:    Overwriting math alphabet `\mathbf' in version `bold'
(Font)                  OT1/cmr/bx/n --> OT1/lmr/bx/n on input line 35.
LaTeX Font Info:    Overwriting math alphabet `\mathsf' in version `bold'
(Font)                  OT1/cmss/bx/n --> OT1/lmss/bx/n on input line 36.
LaTeX Font Info:    Overwriting math alphabet `\mathit' in version `bold'
(Font)                  OT1/cmr/bx/it --> OT1/lmr/bx/it on input line 37.
LaTeX Font Info:    Overwriting math alphabet `\mathtt' in version `bold'
(Font)                  OT1/cmtt/m/n --> OT1/lmtt/m/n on input line 38.
) (/usr/local/texlive/2021/texmf-dist/tex/latex/upquote/upquote.sty
Package: upquote 2012/04/19 v1.3 upright-quote and grave-accent glyphs in verba
tim
) (/usr/local/texlive/2021/texmf-dist/tex/latex/microtype/microtype.sty
Package: microtype 2021/03/14 v2.8c Micro-typographical refinements (RS)
(/usr/local/texlive/2021/texmf-dist/tex/latex/graphics/keyval.sty
Package: keyval 2014/10/28 v1.15 key=value parser (DPC)
\KV@toks@=\toks22
)
\MT@toks=\toks23
\MT@count=\count199
LaTeX Info: Redefining \textls on input line 790.
\MT@outer@kern=\dimen148
LaTeX Info: Redefining \textmicrotypecontext on input line 1374.
\MT@listname@count=\count266
(/usr/local/texlive/2021/texmf-dist/tex/latex/microtype/microtype-pdftex.def
File: microtype-pdftex.def 2021/03/14 v2.8c Definitions specific to pdftex (RS)

LaTeX Info: Redefining \lsstyle on input line 915.
LaTeX Info: Redefining \lslig on input line 915.
\MT@outer@space=\skip52
)
Package microtype Info: Loading configuration file microtype.cfg.
(/usr/local/texlive/2021/texmf-dist/tex/latex/microtype/microtype.cfg
File: microtype.cfg 2021/03/14 v2.8c microtype main configuration file (RS)
)) (/usr/local/texlive/2021/texmf-dist/tex/latex/parskip/parskip.sty
Package: parskip 2021-03-14 v2.0h non-zero parskip adjustments
(/usr/local/texlive/2021/texmf-dist/tex/latex/kvoptions/kvoptions.sty
Package: kvoptions 2020-10-07 v3.14 Key value format for package options (HO)
(/usr/local/texlive/2021/texmf-dist/tex/generic/ltxcmds/ltxcmds.sty
Package: ltxcmds 2020-05-10 v1.25 LaTeX kernel commands for general use (HO)
) (/usr/local/texlive/2021/texmf-dist/tex/generic/kvsetkeys/kvsetkeys.sty
Package: kvsetkeys 2019/12/15 v1.18 Key value parser (HO)
)) (/usr/local/texlive/2021/texmf-dist/tex/latex/etoolbox/etoolbox.sty
Package: etoolbox 2020/10/05 v2.5k e-TeX tools for LaTeX (JAW)
\etb@tempcnta=\count267
)) (/usr/local/texlive/2021/texmf-dist/tex/latex/xcolor/xcolor.sty
Package: xcolor 2016/05/11 v2.12 LaTeX color extensions (UK)
(/usr/local/texlive/2021/texmf-dist/tex/latex/graphics-cfg/color.cfg
File: color.cfg 2016/01/02 v1.6 sample color configuration
)
Package xcolor Info: Driver file: pdftex.def on input line 225.
(/usr/local/texlive/2021/texmf-dist/tex/latex/graphics-def/pdftex.def
File: pdftex.def 2020/10/05 v1.2a Graphics/color driver for pdftex
)
Package xcolor Info: Model `cmy' substituted by `cmy0' on input line 1348.
Package xcolor Info: Model `hsb' substituted by `rgb' on input line 1352.
Package xcolor Info: Model `RGB' extended on input line 1364.
Package xcolor Info: Model `HTML' substituted by `rgb' on input line 1366.
Package xcolor Info: Model `Hsb' substituted by `hsb' on input line 1367.
Package xcolor Info: Model `tHsb' substituted by `hsb' on input line 1368.
Package xcolor Info: Model `HSB' substituted by `hsb' on input line 1369.
Package xcolor Info: Model `Gray' substituted by `gray' on input line 1370.
Package xcolor Info: Model `wave' substituted by `hsb' on input line 1371.
) (/usr/local/texlive/2021/texmf-dist/tex/latex/geometry/geometry.sty
Package: geometry 2020/01/02 v5.9 Page Geometry
(/usr/local/texlive/2021/texmf-dist/tex/generic/iftex/ifvtex.sty
Package: ifvtex 2019/10/25 v1.7 ifvtex legacy package. Use iftex instead.
)
\Gm@cnth=\count268
\Gm@cntv=\count269
\c@Gm@tempcnt=\count270
\Gm@bindingoffset=\dimen149
\Gm@wd@mp=\dimen150
\Gm@odd@mp=\dimen151
\Gm@even@mp=\dimen152
\Gm@layoutwidth=\dimen153
\Gm@layoutheight=\dimen154
\Gm@layouthoffset=\dimen155
\Gm@layoutvoffset=\dimen156
\Gm@dimlist=\toks24
) (/usr/local/texlive/2021/texmf-dist/tex/latex/graphics/graphicx.sty
Package: graphicx 2020/09/09 v1.2b Enhanced LaTeX Graphics (DPC,SPQR)
(/usr/local/texlive/2021/texmf-dist/tex/latex/graphics/graphics.sty
Package: graphics 2020/08/30 v1.4c Standard LaTeX Graphics (DPC,SPQR)
(/usr/local/texlive/2021/texmf-dist/tex/latex/graphics/trig.sty
Package: trig 2016/01/03 v1.10 sin cos tan (DPC)
) (/usr/local/texlive/2021/texmf-dist/tex/latex/graphics-cfg/graphics.cfg
File: graphics.cfg 2016/06/04 v1.11 sample graphics configuration
)
Package graphics Info: Driver file: pdftex.def on input line 105.
)
\Gin@req@height=\dimen157
\Gin@req@width=\dimen158
) (/usr/local/texlive/2021/texmf-dist/tex/latex/caption/caption.sty
Package: caption 2020/10/26 v3.5g Customizing captions (AR)
(/usr/local/texlive/2021/texmf-dist/tex/latex/caption/caption3.sty
Package: caption3 2020/10/21 v2.2e caption3 kernel (AR)
\captionmargin=\dimen159
\captionmargin@=\dimen160
\captionwidth=\dimen161
\caption@tempdima=\dimen162
\caption@indent=\dimen163
\caption@parindent=\dimen164
\caption@hangindent=\dimen165
Package caption Info: Standard document class detected.
)
\c@caption@flags=\count271
\c@continuedfloat=\count272
) (/usr/local/texlive/2021/texmf-dist/tex/latex/bookmark/bookmark.sty
Package: bookmark 2020-11-06 v1.29 PDF bookmarks (HO)
(/usr/local/texlive/2021/texmf-dist/tex/latex/hyperref/hyperref.sty
Package: hyperref 2021-02-27 v7.00k Hypertext links for LaTeX
(/usr/local/texlive/2021/texmf-dist/tex/generic/pdftexcmds/pdftexcmds.sty
Package: pdftexcmds 2020-06-27 v0.33 Utility functions of pdfTeX for LuaTeX (HO
)
(/usr/local/texlive/2021/texmf-dist/tex/generic/infwarerr/infwarerr.sty
Package: infwarerr 2019/12/03 v1.5 Providing info/warning/error messages (HO)
)
Package pdftexcmds Info: \pdf@primitive is available.
Package pdftexcmds Info: \pdf@ifprimitive is available.
Package pdftexcmds Info: \pdfdraftmode found.
) (/usr/local/texlive/2021/texmf-dist/tex/generic/kvdefinekeys/kvdefinekeys.sty
Package: kvdefinekeys 2019-12-19 v1.6 Define keys (HO)
) (/usr/local/texlive/2021/texmf-dist/tex/generic/pdfescape/pdfescape.sty
Package: pdfescape 2019/12/09 v1.15 Implements pdfTeX's escape features (HO)
) (/usr/local/texlive/2021/texmf-dist/tex/latex/hycolor/hycolor.sty
Package: hycolor 2020-01-27 v1.10 Color options for hyperref/bookmark (HO)
) (/usr/local/texlive/2021/texmf-dist/tex/latex/letltxmacro/letltxmacro.sty
Package: letltxmacro 2019/12/03 v1.6 Let assignment for LaTeX macros (HO)
) (/usr/local/texlive/2021/texmf-dist/tex/latex/auxhook/auxhook.sty
Package: auxhook 2019-12-17 v1.6 Hooks for auxiliary files (HO)
)
\@linkdim=\dimen166
\Hy@linkcounter=\count273
\Hy@pagecounter=\count274
(/usr/local/texlive/2021/texmf-dist/tex/latex/hyperref/pd1enc.def
File: pd1enc.def 2021-02-27 v7.00k Hyperref: PDFDocEncoding definition (HO)
Now handling font encoding PD1 ...
... no UTF-8 mapping file for font encoding PD1
)
(/usr/local/texlive/2021/texmf-dist/tex/latex/hyperref/hyperref-langpatches.def
File: hyperref-langpatches.def 2021-02-27 v7.00k Hyperref: patches for babel la
nguages
) (/usr/local/texlive/2021/texmf-dist/tex/generic/intcalc/intcalc.sty
Package: intcalc 2019/12/15 v1.3 Expandable calculations with integers (HO)
) (/usr/local/texlive/2021/texmf-dist/tex/generic/etexcmds/etexcmds.sty
Package: etexcmds 2019/12/15 v1.7 Avoid name clashes with e-TeX commands (HO)
)
\Hy@SavedSpaceFactor=\count275
(/usr/local/texlive/2021/texmf-dist/tex/latex/hyperref/puenc.def
File: puenc.def 2021-02-27 v7.00k Hyperref: PDF Unicode definition (HO)
Now handling font encoding PU ...
... no UTF-8 mapping file for font encoding PU
)
Package hyperref Info: Option `unicode' set `true' on input line 4073.
Package hyperref Info: Hyper figures OFF on input line 4192.
Package hyperref Info: Link nesting OFF on input line 4197.
Package hyperref Info: Hyper index ON on input line 4200.
Package hyperref Info: Plain pages OFF on input line 4207.
Package hyperref Info: Backreferencing OFF on input line 4212.
Package hyperref Info: Implicit mode ON; LaTeX internals redefined.
Package hyperref Info: Bookmarks ON on input line 4445.
\c@Hy@tempcnt=\count276
(/usr/local/texlive/2021/texmf-dist/tex/latex/url/url.sty
\Urlmuskip=\muskip17
Package: url 2013/09/16  ver 3.4  Verb mode for urls, etc.
)
LaTeX Info: Redefining \url on input line 4804.
\XeTeXLinkMargin=\dimen167
(/usr/local/texlive/2021/texmf-dist/tex/generic/bitset/bitset.sty
Package: bitset 2019/12/09 v1.3 Handle bit-vector datatype (HO)
(/usr/local/texlive/2021/texmf-dist/tex/generic/bigintcalc/bigintcalc.sty
Package: bigintcalc 2019/12/15 v1.5 Expandable calculations on big integers (HO
)
))
\Fld@menulength=\count277
\Field@Width=\dimen168
\Fld@charsize=\dimen169
Package hyperref Info: Hyper figures OFF on input line 6075.
Package hyperref Info: Link nesting OFF on input line 6080.
Package hyperref Info: Hyper index ON on input line 6083.
Package hyperref Info: backreferencing OFF on input line 6090.
Package hyperref Info: Link coloring OFF on input line 6095.
Package hyperref Info: Link coloring with OCG OFF on input line 6100.
Package hyperref Info: PDF/A mode OFF on input line 6105.
LaTeX Info: Redefining \ref on input line 6145.
LaTeX Info: Redefining \pageref on input line 6149.
(/usr/local/texlive/2021/texmf-dist/tex/latex/base/atbegshi-ltx.sty
Package: atbegshi-ltx 2020/08/17 v1.0a Emulation of the original atbegshi packa
ge
with kernel methods
)
\Hy@abspage=\count278
\c@Item=\count279
\c@Hfootnote=\count280
)
Package hyperref Info: Driver (autodetected): hpdftex.
(/usr/local/texlive/2021/texmf-dist/tex/latex/hyperref/hpdftex.def
File: hpdftex.def 2021-02-27 v7.00k Hyperref driver for pdfTeX
(/usr/local/texlive/2021/texmf-dist/tex/latex/base/atveryend-ltx.sty
Package: atveryend-ltx 2020/08/19 v1.0a Emulation of the original atvery packag
e
with kernel methods
)
\Fld@listcount=\count281
\c@bookmark@seq@number=\count282

(/usr/local/texlive/2021/texmf-dist/tex/latex/rerunfilecheck/rerunfilecheck.sty
Package: rerunfilecheck 2019/12/05 v1.9 Rerun checks for auxiliary files (HO)

(/usr/local/texlive/2021/texmf-dist/tex/generic/uniquecounter/uniquecounter.sty
Package: uniquecounter 2019/12/15 v1.4 Provide unlimited unique counter (HO)
)
Package uniquecounter Info: New unique counter `rerunfilecheck' on input line 2
86.
)
\Hy@SectionHShift=\skip53
) (/usr/local/texlive/2021/texmf-dist/tex/latex/bookmark/bkm-pdftex.def
File: bkm-pdftex.def 2020-11-06 v1.29 bookmark driver for pdfTeX (HO)
\BKM@id=\count283
)) (/usr/local/texlive/2021/texmf-dist/tex/latex/xurl/xurl.sty
Package: xurl 2020/12/30 v 0.09a modify URL breaks
)
LaTeX Font Info:    Trying to load font information for T1+lmr on input line 83
.
(/usr/local/texlive/2021/texmf-dist/tex/latex/lm/t1lmr.fd
File: t1lmr.fd 2015/05/01 v1.6.1 Font defs for Latin Modern
) (/usr/local/texlive/2021/texmf-dist/tex/latex/l3backend/l3backend-pdftex.def
File: l3backend-pdftex.def 2021-03-18 L3 backend support: PDF output (pdfTeX)
\l__color_backend_stack_int=\count284
\l__pdf_internal_box=\box49
) (./supplementary-material.aux)
\openout1 = `supplementary-material.aux'.

LaTeX Font Info:    Checking defaults for OML/cmm/m/it on input line 83.
LaTeX Font Info:    ... okay on input line 83.
LaTeX Font Info:    Checking defaults for OMS/cmsy/m/n on input line 83.
LaTeX Font Info:    ... okay on input line 83.
LaTeX Font Info:    Checking defaults for OT1/cmr/m/n on input line 83.
LaTeX Font Info:    ... okay on input line 83.
LaTeX Font Info:    Checking defaults for T1/cmr/m/n on input line 83.
LaTeX Font Info:    ... okay on input line 83.
LaTeX Font Info:    Checking defaults for TS1/cmr/m/n on input line 83.
LaTeX Font Info:    ... okay on input line 83.
LaTeX Font Info:    Checking defaults for OMX/cmex/m/n on input line 83.
LaTeX Font Info:    ... okay on input line 83.
LaTeX Font Info:    Checking defaults for U/cmr/m/n on input line 83.
LaTeX Font Info:    ... okay on input line 83.
LaTeX Font Info:    Checking defaults for PD1/pdf/m/n on input line 83.
LaTeX Font Info:    ... okay on input line 83.
LaTeX Font Info:    Checking defaults for PU/pdf/m/n on input line 83.
LaTeX Font Info:    ... okay on input line 83.
LaTeX Info: Redefining \microtypecontext on input line 83.
Package microtype Info: Generating PDF output.
Package microtype Info: Character protrusion enabled (level 2).
Package microtype Info: Using protrusion set `basicmath'.
Package microtype Info: Automatic font expansion enabled (level 2),
(microtype)             stretch: 20, shrink: 20, step: 1, non-selected.
Package microtype Info: Using default expansion set `alltext-nott'.
LaTeX Info: Redefining \showhyphens on input line 83.
Package microtype Info: No adjustment of tracking.
Package microtype Info: No adjustment of interword spacing.
Package microtype Info: No adjustment of character kerning.
(/usr/local/texlive/2021/texmf-dist/tex/latex/microtype/mt-cmr.cfg
File: mt-cmr.cfg 2013/05/19 v2.2 microtype config. file: Computer Modern Roman 
(RS)
) (/usr/local/texlive/2021/texmf-dist/tex/context/base/mkii/supp-pdf.mkii
[Loading MPS to PDF converter (version 2006.09.02).]
\scratchcounter=\count285
\scratchdimen=\dimen170
\scratchbox=\box50
\nofMPsegments=\count286
\nofMParguments=\count287
\everyMPshowfont=\toks25
\MPscratchCnt=\count288
\MPscratchDim=\dimen171
\MPnumerator=\count289
\makeMPintoPDFobject=\count290
\everyMPtoPDFconversion=\toks26
) (/usr/local/texlive/2021/texmf-dist/tex/latex/epstopdf-pkg/epstopdf-base.sty
Package: epstopdf-base 2020-01-24 v2.11 Base part for package epstopdf
Package epstopdf-base Info: Redefining graphics rule for `.eps' on input line 4
85.
(/usr/local/texlive/2021/texmf-dist/tex/latex/latexconfig/epstopdf-sys.cfg
File: epstopdf-sys.cfg 2010/07/13 v1.3 Configuration of (r)epstopdf for TeX Liv
e
))
*geometry* driver: auto-detecting
*geometry* detected driver: pdftex
*geometry* verbose mode - [ preamble ] result:
* driver: pdftex
* paper: <default>
* layout: <same size as paper>
* layoutoffset:(h,v)=(0.0pt,0.0pt)
* modes: 
* h-part:(L,W,R)=(72.26999pt, 469.75502pt, 72.26999pt)
* v-part:(T,H,B)=(72.26999pt, 650.43001pt, 72.26999pt)
* \paperwidth=614.295pt
* \paperheight=794.96999pt
* \textwidth=469.75502pt
* \textheight=650.43001pt
* \oddsidemargin=0.0pt
* \evensidemargin=0.0pt
* \topmargin=-37.0pt
* \headheight=12.0pt
* \headsep=25.0pt
* \topskip=10.0pt
* \footskip=30.0pt
* \marginparwidth=65.0pt
* \marginparsep=11.0pt
* \columnsep=10.0pt
* \skip\footins=9.0pt plus 4.0pt minus 2.0pt
* \hoffset=0.0pt
* \voffset=0.0pt
* \mag=1000
* \@twocolumnfalse
* \@twosidefalse
* \@mparswitchfalse
* \@reversemarginfalse
* (1in=72.27pt=25.4mm, 1cm=28.453pt)

Package caption Info: Begin \AtBeginDocument code.
Package caption Info: hyperref package is loaded.
Package caption Info: End \AtBeginDocument code.
Package hyperref Info: Link coloring OFF on input line 83.
(/usr/local/texlive/2021/texmf-dist/tex/latex/hyperref/nameref.sty
Package: nameref 2021-04-02 v2.47 Cross-referencing by name of section
(/usr/local/texlive/2021/texmf-dist/tex/latex/refcount/refcount.sty
Package: refcount 2019/12/15 v3.6 Data extraction from label references (HO)
)
(/usr/local/texlive/2021/texmf-dist/tex/generic/gettitlestring/gettitlestring.s
ty
Package: gettitlestring 2019/12/15 v1.6 Cleanup title references (HO)
)
\c@section@level=\count291
)
LaTeX Info: Redefining \ref on input line 83.
LaTeX Info: Redefining \pageref on input line 83.
LaTeX Info: Redefining \nameref on input line 83.
LaTeX Font Info:    Trying to load font information for OT1+lmr on input line 8
5.
(/usr/local/texlive/2021/texmf-dist/tex/latex/lm/ot1lmr.fd
File: ot1lmr.fd 2015/05/01 v1.6.1 Font defs for Latin Modern
)
LaTeX Font Info:    Trying to load font information for OML+lmm on input line 8
5.
(/usr/local/texlive/2021/texmf-dist/tex/latex/lm/omllmm.fd
File: omllmm.fd 2015/05/01 v1.6.1 Font defs for Latin Modern
)
LaTeX Font Info:    Trying to load font information for OMS+lmsy on input line 
85.
(/usr/local/texlive/2021/texmf-dist/tex/latex/lm/omslmsy.fd
File: omslmsy.fd 2015/05/01 v1.6.1 Font defs for Latin Modern
)
LaTeX Font Info:    Trying to load font information for OMX+lmex on input line 
85.
(/usr/local/texlive/2021/texmf-dist/tex/latex/lm/omxlmex.fd
File: omxlmex.fd 2015/05/01 v1.6.1 Font defs for Latin Modern
)
LaTeX Font Info:    External font `lmex10' loaded for size
(Font)              <12> on input line 85.
LaTeX Font Info:    External font `lmex10' loaded for size
(Font)              <8> on input line 85.
LaTeX Font Info:    External font `lmex10' loaded for size
(Font)              <6> on input line 85.
LaTeX Font Info:    Trying to load font information for U+msa on input line 85.

(/usr/local/texlive/2021/texmf-dist/tex/latex/amsfonts/umsa.fd
File: umsa.fd 2013/01/14 v3.01 AMS symbols A
) (/usr/local/texlive/2021/texmf-dist/tex/latex/microtype/mt-msa.cfg
File: mt-msa.cfg 2006/02/04 v1.1 microtype config. file: AMS symbols (a) (RS)
)
LaTeX Font Info:    Trying to load font information for U+msb on input line 85.

(/usr/local/texlive/2021/texmf-dist/tex/latex/amsfonts/umsb.fd
File: umsb.fd 2013/01/14 v3.01 AMS symbols B
) (/usr/local/texlive/2021/texmf-dist/tex/latex/microtype/mt-msb.cfg
File: mt-msb.cfg 2005/06/01 v1.0 microtype config. file: AMS symbols (b) (RS)
)
<supplementary-material_files/figure-latex/fig-s1-1.pdf, id=4, 460.72125pt x 34
1.275pt>
File: supplementary-material_files/figure-latex/fig-s1-1.pdf Graphic file (type
 pdf)
<use supplementary-material_files/figure-latex/fig-s1-1.pdf>
Package pdftex.def Info: supplementary-material_files/figure-latex/fig-s1-1.pdf
  used on input line 90.
(pdftex.def)             Requested size: 460.72012pt x 341.27415pt.
<supplementary-material_files/figure-latex/fig-s2-1.pdf, id=5, 460.72125pt x 41
5.5525pt>
File: supplementary-material_files/figure-latex/fig-s2-1.pdf Graphic file (type
 pdf)
<use supplementary-material_files/figure-latex/fig-s2-1.pdf>
Package pdftex.def Info: supplementary-material_files/figure-latex/fig-s2-1.pdf
  used on input line 102.
(pdftex.def)             Requested size: 460.72012pt x 415.55148pt.
LaTeX Font Info:    External font `lmex10' loaded for size
(Font)              <10> on input line 116.
LaTeX Font Info:    External font `lmex10' loaded for size
(Font)              <7> on input line 116.
LaTeX Font Info:    External font `lmex10' loaded for size
(Font)              <5> on input line 116.
<supplementary-material_files/figure-latex/fig-s3-1.pdf, id=6, 460.72125pt x 41
5.5525pt>
File: supplementary-material_files/figure-latex/fig-s3-1.pdf Graphic file (type
 pdf)
<use supplementary-material_files/figure-latex/fig-s3-1.pdf>
Package pdftex.def Info: supplementary-material_files/figure-latex/fig-s3-1.pdf
  used on input line 121.
(pdftex.def)             Requested size: 460.72012pt x 415.55148pt.
<supplementary-material_files/figure-latex/fig-s4-1.pdf, id=7, 465.74pt x 413.5
45pt>
File: supplementary-material_files/figure-latex/fig-s4-1.pdf Graphic file (type
 pdf)
<use supplementary-material_files/figure-latex/fig-s4-1.pdf>
Package pdftex.def Info: supplementary-material_files/figure-latex/fig-s4-1.pdf
  used on input line 140.
(pdftex.def)             Requested size: 465.75307pt x 413.5566pt.
<supplementary-material_files/figure-latex/fig-s5-1.pdf, id=8, 460.72125pt x 48
7.8225pt>
File: supplementary-material_files/figure-latex/fig-s5-1.pdf Graphic file (type
 pdf)
<use supplementary-material_files/figure-latex/fig-s5-1.pdf>
Package pdftex.def Info: supplementary-material_files/figure-latex/fig-s5-1.pdf
  used on input line 158.
(pdftex.def)             Requested size: 460.72012pt x 487.8213pt.
<supplementary-material_files/figure-latex/fig-s6-1.pdf, id=9, 464.73625pt x 21
0.7875pt>
File: supplementary-material_files/figure-latex/fig-s6-1.pdf Graphic file (type
 pdf)
<use supplementary-material_files/figure-latex/fig-s6-1.pdf>
Package pdftex.def Info: supplementary-material_files/figure-latex/fig-s6-1.pdf
  used on input line 177.
(pdftex.def)             Requested size: 464.74219pt x 210.79019pt.
LaTeX Font Info:    Trying to load font information for TS1+lmr on input line 1
97.
(/usr/local/texlive/2021/texmf-dist/tex/latex/lm/ts1lmr.fd
File: ts1lmr.fd 2015/05/01 v1.6.1 Font defs for Latin Modern
)
<supplementary-material_files/figure-latex/fig-s7-1.pdf, id=10, 464.73625pt x 1
64.615pt>
File: supplementary-material_files/figure-latex/fig-s7-1.pdf Graphic file (type
 pdf)
<use supplementary-material_files/figure-latex/fig-s7-1.pdf>
Package pdftex.def Info: supplementary-material_files/figure-latex/fig-s7-1.pdf
  used on input line 202.
(pdftex.def)             Requested size: 464.74928pt x 164.61961pt.
<supplementary-material_files/figure-latex/fig-s7-21-1.pdf, id=11, 461.725pt x 
572.1375pt>
File: supplementary-material_files/figure-latex/fig-s7-21-1.pdf Graphic file (t
ype pdf)
<use supplementary-material_files/figure-latex/fig-s7-21-1.pdf>
Package pdftex.def Info: supplementary-material_files/figure-latex/fig-s7-21-1.
pdf  used on input line 220.
(pdftex.def)             Requested size: 461.72388pt x 572.1361pt.
<supplementary-material_files/figure-latex/fig-s7-21-2.pdf, id=16, 461.725pt x 
572.1375pt>
File: supplementary-material_files/figure-latex/fig-s7-21-2.pdf Graphic file (t
ype pdf)
<use supplementary-material_files/figure-latex/fig-s7-21-2.pdf>
Package pdftex.def Info: supplementary-material_files/figure-latex/fig-s7-21-2.
pdf  used on input line 234.
(pdftex.def)             Requested size: 461.72388pt x 572.1361pt.
<supplementary-material_files/figure-latex/fig-s7-21-3.pdf, id=21, 461.725pt x 
572.1375pt>
File: supplementary-material_files/figure-latex/fig-s7-21-3.pdf Graphic file (t
ype pdf)
<use supplementary-material_files/figure-latex/fig-s7-21-3.pdf>
Package pdftex.def Info: supplementary-material_files/figure-latex/fig-s7-21-3.
pdf  used on input line 248.
(pdftex.def)             Requested size: 461.72388pt x 572.1361pt.
<supplementary-material_files/figure-latex/fig-s7-21-4.pdf, id=26, 461.725pt x 
572.1375pt>
File: supplementary-material_files/figure-latex/fig-s7-21-4.pdf Graphic file (t
ype pdf)
<use supplementary-material_files/figure-latex/fig-s7-21-4.pdf>
Package pdftex.def Info: supplementary-material_files/figure-latex/fig-s7-21-4.
pdf  used on input line 262.
(pdftex.def)             Requested size: 461.72388pt x 572.1361pt.
<supplementary-material_files/figure-latex/fig-s7-21-5.pdf, id=31, 461.725pt x 
572.1375pt>
File: supplementary-material_files/figure-latex/fig-s7-21-5.pdf Graphic file (t
ype pdf)
<use supplementary-material_files/figure-latex/fig-s7-21-5.pdf>
Package pdftex.def Info: supplementary-material_files/figure-latex/fig-s7-21-5.
pdf  used on input line 276.
(pdftex.def)             Requested size: 461.72388pt x 572.1361pt.
<supplementary-material_files/figure-latex/fig-s7-21-6.pdf, id=36, 461.725pt x 
572.1375pt>
File: supplementary-material_files/figure-latex/fig-s7-21-6.pdf Graphic file (t
ype pdf)
<use supplementary-material_files/figure-latex/fig-s7-21-6.pdf>
Package pdftex.def Info: supplementary-material_files/figure-latex/fig-s7-21-6.
pdf  used on input line 290.
(pdftex.def)             Requested size: 461.72388pt x 572.1361pt.
<supplementary-material_files/figure-latex/fig-s7-21-7.pdf, id=41, 461.725pt x 
572.1375pt>
File: supplementary-material_files/figure-latex/fig-s7-21-7.pdf Graphic file (t
ype pdf)
<use supplementary-material_files/figure-latex/fig-s7-21-7.pdf>
Package pdftex.def Info: supplementary-material_files/figure-latex/fig-s7-21-7.
pdf  used on input line 304.
(pdftex.def)             Requested size: 461.72388pt x 572.1361pt.
<supplementary-material_files/figure-latex/fig-s7-21-8.pdf, id=46, 463.7325pt x
 572.1375pt>
File: supplementary-material_files/figure-latex/fig-s7-21-8.pdf Graphic file (t
ype pdf)
<use supplementary-material_files/figure-latex/fig-s7-21-8.pdf>
Package pdftex.def Info: supplementary-material_files/figure-latex/fig-s7-21-8.
pdf  used on input line 318.
(pdftex.def)             Requested size: 463.73842pt x 572.14482pt.
<supplementary-material_files/figure-latex/fig-s7-21-9.pdf, id=51, 461.725pt x 
572.1375pt>
File: supplementary-material_files/figure-latex/fig-s7-21-9.pdf Graphic file (t
ype pdf)
<use supplementary-material_files/figure-latex/fig-s7-21-9.pdf>
Package pdftex.def Info: supplementary-material_files/figure-latex/fig-s7-21-9.
pdf  used on input line 332.
(pdftex.def)             Requested size: 461.72388pt x 572.1361pt.
<supplementary-material_files/figure-latex/fig-s7-21-10.pdf, id=56, 461.725pt x
 572.1375pt>
File: supplementary-material_files/figure-latex/fig-s7-21-10.pdf Graphic file (
type pdf)
<use supplementary-material_files/figure-latex/fig-s7-21-10.pdf>
Package pdftex.def Info: supplementary-material_files/figure-latex/fig-s7-21-10
.pdf  used on input line 346.
(pdftex.def)             Requested size: 461.72388pt x 572.1361pt.
<supplementary-material_files/figure-latex/fig-s7-21-11.pdf, id=61, 461.725pt x
 572.1375pt>
File: supplementary-material_files/figure-latex/fig-s7-21-11.pdf Graphic file (
type pdf)
<use supplementary-material_files/figure-latex/fig-s7-21-11.pdf>
Package pdftex.def Info: supplementary-material_files/figure-latex/fig-s7-21-11
.pdf  used on input line 360.
(pdftex.def)             Requested size: 461.72388pt x 572.1361pt.
<supplementary-material_files/figure-latex/fig-s7-21-12.pdf, id=66, 461.725pt x
 572.1375pt>
File: supplementary-material_files/figure-latex/fig-s7-21-12.pdf Graphic file (
type pdf)
<use supplementary-material_files/figure-latex/fig-s7-21-12.pdf>
Package pdftex.def Info: supplementary-material_files/figure-latex/fig-s7-21-12
.pdf  used on input line 374.
(pdftex.def)             Requested size: 461.72388pt x 572.1361pt.
<supplementary-material_files/figure-latex/fig-s7-21-13.pdf, id=71, 461.725pt x
 572.1375pt>
File: supplementary-material_files/figure-latex/fig-s7-21-13.pdf Graphic file (
type pdf)
<use supplementary-material_files/figure-latex/fig-s7-21-13.pdf>
Package pdftex.def Info: supplementary-material_files/figure-latex/fig-s7-21-13
.pdf  used on input line 388.
(pdftex.def)             Requested size: 461.72388pt x 572.1361pt.
<supplementary-material_files/figure-latex/fig-s7-21-14.pdf, id=76, 461.725pt x
 572.1375pt>
File: supplementary-material_files/figure-latex/fig-s7-21-14.pdf Graphic file (
type pdf)
<use supplementary-material_files/figure-latex/fig-s7-21-14.pdf>
Package pdftex.def Info: supplementary-material_files/figure-latex/fig-s7-21-14
.pdf  used on input line 402.
(pdftex.def)             Requested size: 461.72388pt x 572.1361pt.
<supplementary-material_files/figure-latex/fig-s22-1.pdf, id=81, 463.7325pt x 3
17.185pt>
File: supplementary-material_files/figure-latex/fig-s22-1.pdf Graphic file (typ
e pdf)
<use supplementary-material_files/figure-latex/fig-s22-1.pdf>
Package pdftex.def Info: supplementary-material_files/figure-latex/fig-s22-1.pd
f  used on input line 416.
(pdftex.def)             Requested size: 463.73842pt x 317.18904pt.
<supplementary-material_files/figure-latex/fig-s23-1.pdf, id=82, 463.7325pt x 3
17.185pt>
File: supplementary-material_files/figure-latex/fig-s23-1.pdf Graphic file (typ
e pdf)
<use supplementary-material_files/figure-latex/fig-s23-1.pdf>
Package pdftex.def Info: supplementary-material_files/figure-latex/fig-s23-1.pd
f  used on input line 433.
(pdftex.def)             Requested size: 463.73842pt x 317.18904pt.
<supplementary-material_files/figure-latex/fig-s24-1.pdf, id=83, 463.7325pt x 3
15.1775pt>
File: supplementary-material_files/figure-latex/fig-s24-1.pdf Graphic file (typ
e pdf)
<use supplementary-material_files/figure-latex/fig-s24-1.pdf>
Package pdftex.def Info: supplementary-material_files/figure-latex/fig-s24-1.pd
f  used on input line 450.
(pdftex.def)             Requested size: 463.73842pt x 315.18153pt.
<supplementary-material_files/figure-latex/fig-s25-38-1.pdf, id=84, 470.75874pt
 x 578.16pt>
File: supplementary-material_files/figure-latex/fig-s25-38-1.pdf Graphic file (
type pdf)
<use supplementary-material_files/figure-latex/fig-s25-38-1.pdf>
Package pdftex.def Info: supplementary-material_files/figure-latex/fig-s25-38-1
.pdf  used on input line 463.
(pdftex.def)             Requested size: 469.75912pt x 576.93231pt.

LaTeX Warning: Float too large for page by 8.5023pt on input line 473.

<supplementary-material_files/figure-latex/fig-s25-38-2.pdf, id=85, 470.75874pt
 x 578.16pt>
File: supplementary-material_files/figure-latex/fig-s25-38-2.pdf Graphic file (
type pdf)
<use supplementary-material_files/figure-latex/fig-s25-38-2.pdf>
Package pdftex.def Info: supplementary-material_files/figure-latex/fig-s25-38-2
.pdf  used on input line 477.
(pdftex.def)             Requested size: 469.75912pt x 576.93231pt.

LaTeX Warning: Float too large for page by 8.5023pt on input line 487.

<supplementary-material_files/figure-latex/fig-s25-38-3.pdf, id=86, 470.75874pt
 x 578.16pt>
File: supplementary-material_files/figure-latex/fig-s25-38-3.pdf Graphic file (
type pdf)
<use supplementary-material_files/figure-latex/fig-s25-38-3.pdf>
Package pdftex.def Info: supplementary-material_files/figure-latex/fig-s25-38-3
.pdf  used on input line 491.
(pdftex.def)             Requested size: 469.75912pt x 576.93231pt.

LaTeX Warning: Float too large for page by 8.5023pt on input line 501.

<supplementary-material_files/figure-latex/fig-s25-38-4.pdf, id=87, 470.75874pt
 x 578.16pt>
File: supplementary-material_files/figure-latex/fig-s25-38-4.pdf Graphic file (
type pdf)
<use supplementary-material_files/figure-latex/fig-s25-38-4.pdf>
Package pdftex.def Info: supplementary-material_files/figure-latex/fig-s25-38-4
.pdf  used on input line 505.
(pdftex.def)             Requested size: 469.75912pt x 576.93231pt.

LaTeX Warning: Float too large for page by 8.5023pt on input line 515.

<supplementary-material_files/figure-latex/fig-s25-38-5.pdf, id=88, 470.75874pt
 x 578.16pt>
File: supplementary-material_files/figure-latex/fig-s25-38-5.pdf Graphic file (
type pdf)
<use supplementary-material_files/figure-latex/fig-s25-38-5.pdf>
Package pdftex.def Info: supplementary-material_files/figure-latex/fig-s25-38-5
.pdf  used on input line 519.
(pdftex.def)             Requested size: 469.75912pt x 576.93231pt.

LaTeX Warning: Float too large for page by 8.5023pt on input line 529.

<supplementary-material_files/figure-latex/fig-s25-38-6.pdf, id=89, 470.75874pt
 x 578.16pt>
File: supplementary-material_files/figure-latex/fig-s25-38-6.pdf Graphic file (
type pdf)
<use supplementary-material_files/figure-latex/fig-s25-38-6.pdf>
Package pdftex.def Info: supplementary-material_files/figure-latex/fig-s25-38-6
.pdf  used on input line 533.
(pdftex.def)             Requested size: 469.75912pt x 576.93231pt.

LaTeX Warning: Float too large for page by 8.5023pt on input line 543.

<supplementary-material_files/figure-latex/fig-s25-38-7.pdf, id=90, 470.75874pt
 x 578.16pt>
File: supplementary-material_files/figure-latex/fig-s25-38-7.pdf Graphic file (
type pdf)
<use supplementary-material_files/figure-latex/fig-s25-38-7.pdf>
Package pdftex.def Info: supplementary-material_files/figure-latex/fig-s25-38-7
.pdf  used on input line 547.
(pdftex.def)             Requested size: 469.75912pt x 576.93231pt.

LaTeX Warning: Float too large for page by 8.5023pt on input line 557.

<supplementary-material_files/figure-latex/fig-s25-38-8.pdf, id=91, 470.75874pt
 x 578.16pt>
File: supplementary-material_files/figure-latex/fig-s25-38-8.pdf Graphic file (
type pdf)
<use supplementary-material_files/figure-latex/fig-s25-38-8.pdf>
Package pdftex.def Info: supplementary-material_files/figure-latex/fig-s25-38-8
.pdf  used on input line 561.
(pdftex.def)             Requested size: 469.75912pt x 576.93231pt.

LaTeX Warning: Float too large for page by 8.5023pt on input line 571.

<supplementary-material_files/figure-latex/fig-s25-38-9.pdf, id=92, 470.75874pt
 x 578.16pt>
File: supplementary-material_files/figure-latex/fig-s25-38-9.pdf Graphic file (
type pdf)
<use supplementary-material_files/figure-latex/fig-s25-38-9.pdf>
Package pdftex.def Info: supplementary-material_files/figure-latex/fig-s25-38-9
.pdf  used on input line 575.
(pdftex.def)             Requested size: 469.75912pt x 576.93231pt.

LaTeX Warning: Float too large for page by 8.5023pt on input line 585.

<supplementary-material_files/figure-latex/fig-s25-38-10.pdf, id=93, 470.75874p
t x 578.16pt>
File: supplementary-material_files/figure-latex/fig-s25-38-10.pdf Graphic file 
(type pdf)
<use supplementary-material_files/figure-latex/fig-s25-38-10.pdf>
Package pdftex.def Info: supplementary-material_files/figure-latex/fig-s25-38-1
0.pdf  used on input line 589.
(pdftex.def)             Requested size: 469.75912pt x 576.93231pt.

LaTeX Warning: Float too large for page by 8.5023pt on input line 599.

<supplementary-material_files/figure-latex/fig-s25-38-11.pdf, id=94, 470.75874p
t x 578.16pt>
File: supplementary-material_files/figure-latex/fig-s25-38-11.pdf Graphic file 
(type pdf)
<use supplementary-material_files/figure-latex/fig-s25-38-11.pdf>
Package pdftex.def Info: supplementary-material_files/figure-latex/fig-s25-38-1
1.pdf  used on input line 603.
(pdftex.def)             Requested size: 469.75912pt x 576.93231pt.

LaTeX Warning: Float too large for page by 8.5023pt on input line 613.

<supplementary-material_files/figure-latex/fig-s25-38-12.pdf, id=95, 470.75874p
t x 578.16pt>
File: supplementary-material_files/figure-latex/fig-s25-38-12.pdf Graphic file 
(type pdf)
<use supplementary-material_files/figure-latex/fig-s25-38-12.pdf>
Package pdftex.def Info: supplementary-material_files/figure-latex/fig-s25-38-1
2.pdf  used on input line 617.
(pdftex.def)             Requested size: 469.75912pt x 576.93231pt.

LaTeX Warning: Float too large for page by 8.5023pt on input line 627.

<supplementary-material_files/figure-latex/fig-s25-38-13.pdf, id=96, 470.75874p
t x 578.16pt>
File: supplementary-material_files/figure-latex/fig-s25-38-13.pdf Graphic file 
(type pdf)
<use supplementary-material_files/figure-latex/fig-s25-38-13.pdf>
Package pdftex.def Info: supplementary-material_files/figure-latex/fig-s25-38-1
3.pdf  used on input line 631.
(pdftex.def)             Requested size: 469.75912pt x 576.93231pt.

LaTeX Warning: Float too large for page by 8.5023pt on input line 641.

<supplementary-material_files/figure-latex/fig-s25-38-14.pdf, id=97, 470.75874p
t x 578.16pt>
File: supplementary-material_files/figure-latex/fig-s25-38-14.pdf Graphic file 
(type pdf)
<use supplementary-material_files/figure-latex/fig-s25-38-14.pdf>
Package pdftex.def Info: supplementary-material_files/figure-latex/fig-s25-38-1
4.pdf  used on input line 645.
(pdftex.def)             Requested size: 469.75912pt x 576.93231pt.

LaTeX Warning: Float too large for page by 8.5023pt on input line 655.

<supplementary-material_files/figure-latex/fig-s39-42-1.pdf, id=98, 461.725pt x
 315.1775pt>
File: supplementary-material_files/figure-latex/fig-s39-42-1.pdf Graphic file (
type pdf)
<use supplementary-material_files/figure-latex/fig-s39-42-1.pdf>
Package pdftex.def Info: supplementary-material_files/figure-latex/fig-s39-42-1
.pdf  used on input line 659.
(pdftex.def)             Requested size: 461.72388pt x 315.17673pt.
<supplementary-material_files/figure-latex/fig-s39-42-2.pdf, id=99, 461.725pt x
 315.1775pt>
File: supplementary-material_files/figure-latex/fig-s39-42-2.pdf Graphic file (
type pdf)
<use supplementary-material_files/figure-latex/fig-s39-42-2.pdf>
Package pdftex.def Info: supplementary-material_files/figure-latex/fig-s39-42-2
.pdf  used on input line 673.
(pdftex.def)             Requested size: 461.72388pt x 315.17673pt.
<supplementary-material_files/figure-latex/fig-s39-42-3.pdf, id=100, 461.725pt 
x 315.1775pt>
File: supplementary-material_files/figure-latex/fig-s39-42-3.pdf Graphic file (
type pdf)
<use supplementary-material_files/figure-latex/fig-s39-42-3.pdf>
Package pdftex.def Info: supplementary-material_files/figure-latex/fig-s39-42-3
.pdf  used on input line 687.
(pdftex.def)             Requested size: 461.72388pt x 315.17673pt.
<supplementary-material_files/figure-latex/fig-s43-1.pdf, id=101, 464.73625pt x
 209.78375pt>
File: supplementary-material_files/figure-latex/fig-s43-1.pdf Graphic file (typ
e pdf)
<use supplementary-material_files/figure-latex/fig-s43-1.pdf>
Package pdftex.def Info: supplementary-material_files/figure-latex/fig-s43-1.pd
f  used on input line 701.
(pdftex.def)             Requested size: 464.7351pt x 209.78322pt.

Package caption Warning: Unused \captionsetup[table] on input line 60.
See the caption package documentation for explanation.

[1

{/usr/local/texlive/2021/texmf-var/fonts/map/pdftex/updmap/pdftex.map}] [2 <./s
upplementary-material_files/figure-latex/fig-s1-1.pdf>] [3 <./supplementary-mat
erial_files/figure-latex/fig-s2-1.pdf>] [4 <./supplementary-material_files/figu
re-latex/fig-s3-1.pdf>] [5 <./supplementary-material_files/figure-latex/fig-s4-
1.pdf>] [6 <./supplementary-material_files/figure-latex/fig-s5-1.pdf>] [7 <./su
pplementary-material_files/figure-latex/fig-s6-1.pdf>] [8 <./supplementary-mate
rial_files/figure-latex/fig-s7-1.pdf>] [9 <./supplementary-material_files/figur
e-latex/fig-s7-21-1.pdf>] [10 <./supplementary-material_files/figure-latex/fig-
s7-21-2.pdf>] [11 <./supplementary-material_files/figure-latex/fig-s7-21-3.pdf>
] [12 <./supplementary-material_files/figure-latex/fig-s7-21-4.pdf>] [13 <./sup
plementary-material_files/figure-latex/fig-s7-21-5.pdf>] [14 <./supplementary-m
aterial_files/figure-latex/fig-s7-21-6.pdf>] [15 <./supplementary-material_file
s/figure-latex/fig-s7-21-7.pdf>] [16 <./supplementary-material_files/figure-lat
ex/fig-s7-21-8.pdf>] [17 <./supplementary-material_files/figure-latex/fig-s7-21
-9.pdf>] [18 <./supplementary-material_files/figure-latex/fig-s7-21-10.pdf>] [1
9 <./supplementary-material_files/figure-latex/fig-s7-21-11.pdf>] [20 <./supple
mentary-material_files/figure-latex/fig-s7-21-12.pdf>] [21 <./supplementary-mat
erial_files/figure-latex/fig-s7-21-13.pdf>] [22 <./supplementary-material_files
/figure-latex/fig-s7-21-14.pdf>] [23 <./supplementary-material_files/figure-lat
ex/fig-s22-1.pdf>] [24 <./supplementary-material_files/figure-latex/fig-s23-1.p
df>] [25 <./supplementary-material_files/figure-latex/fig-s24-1.pdf>] [26 <./su
pplementary-material_files/figure-latex/fig-s25-38-1.pdf>] [27 <./supplementary
-material_files/figure-latex/fig-s25-38-2.pdf>] [28 <./supplementary-material_f
iles/figure-latex/fig-s25-38-3.pdf>] [29 <./supplementary-material_files/figure
-latex/fig-s25-38-4.pdf>] [30 <./supplementary-material_files/figure-latex/fig-
s25-38-5.pdf>] [31 <./supplementary-material_files/figure-latex/fig-s25-38-6.pd
f>] [32 <./supplementary-material_files/figure-latex/fig-s25-38-7.pdf>] [33 <./
supplementary-material_files/figure-latex/fig-s25-38-8.pdf>] [34 <./supplementa
ry-material_files/figure-latex/fig-s25-38-9.pdf>] [35 <./supplementary-material
_files/figure-latex/fig-s25-38-10.pdf>] [36 <./supplementary-material_files/fig
ure-latex/fig-s25-38-11.pdf>] [37 <./supplementary-material_files/figure-latex/
fig-s25-38-12.pdf>] [38 <./supplementary-material_files/figure-latex/fig-s25-38
-13.pdf>] [39 <./supplementary-material_files/figure-latex/fig-s25-38-14.pdf>] 
[40 <./supplementary-material_files/figure-latex/fig-s39-42-1.pdf>] [41 <./supp
lementary-material_files/figure-latex/fig-s39-42-2.pdf>] [42 <./supplementary-m
aterial_files/figure-latex/fig-s39-42-3.pdf>] [43 <./supplementary-material_fil
es/figure-latex/fig-s43-1.pdf>] (./supplementary-material.aux) ) 
Here is how much of TeX's memory you used:
 13980 strings out of 478994
 224098 string characters out of 5858184
 647899 words of memory out of 5000000
 31018 multiletter control sequences out of 15000+600000
 448165 words of font info for 118 fonts, out of 8000000 for 9000
 1141 hyphenation exceptions out of 8191
 85i,8n,88p,1492b,659s stack positions out of 5000i,500n,10000p,200000b,80000s
{/usr/local/tex
live/2021/texmf-dist/fonts/enc/dvips/lm/lm-ts1.enc}{/usr/local/texlive/2021/tex
mf-dist/fonts/enc/dvips/lm/lm-mathsy.enc}{/usr/local/texlive/2021/texmf-dist/fo
nts/enc/dvips/lm/lm-rm.enc}{/usr/local/texlive/2021/texmf-dist/fonts/enc/dvips/
lm/lm-mathit.enc}{/usr/local/texlive/2021/texmf-dist/fonts/enc/dvips/lm/lm-ec.e
nc}</usr/local/texlive/2021/texmf-dist/fonts/type1/public/lm/lmmi10.pfb></usr/l
ocal/texlive/2021/texmf-dist/fonts/type1/public/lm/lmr10.pfb></usr/local/texliv
e/2021/texmf-dist/fonts/type1/public/lm/lmr12.pfb></usr/local/texlive/2021/texm
f-dist/fonts/type1/public/lm/lmr17.pfb></usr/local/texlive/2021/texmf-dist/font
s/type1/public/lm/lmr7.pfb></usr/local/texlive/2021/texmf-dist/fonts/type1/publ
ic/lm/lmsy10.pfb>
Output written on supplementary-material.pdf (43 pages, 21710570 bytes).
PDF statistics:
 769 PDF objects out of 1000 (max. 8388607)
 555 compressed objects within 6 object streams
 86 named destinations out of 1000 (max. 500000)
 24787 words of extra memory for PDF output out of 24883 (max. 10000000)

